{"kind":"send-response","message":{"jsonrpc":"2.0","method":"window/logMessage","params":{"type":3,"message":"VLS Version: 0.0.1.d914108, OS: macos 64"}},"timestamp":1667388717}
{"kind":"send-response","message":{"jsonrpc":"2.0","method":"window/logMessage","params":{"type":3,"message":"VLS executable path: /Users/fleur/.local/share/nvim/lsp_servers/vls/vls"}},"timestamp":1667388717}
{"kind":"send-response","message":{"jsonrpc":"2.0","method":"window/logMessage","params":{"type":3,"message":"VLS build with V 4b3c3d9"}},"timestamp":1667388717}
{"kind":"send-response","message":{"jsonrpc":"2.0","method":"window/logMessage","params":{"type":3,"message":"Client / Editor: Neovim 0.7.2 (PID: 12067)"}},"timestamp":1667388717}
{"kind":"send-response","message":{"jsonrpc":"2.0","method":"window/logMessage","params":{"type":3,"message":"Using V path (VROOT): /Users/fleur/Documents/prod/ressources/v"}},"timestamp":1667388717}
{"kind":"send-response","message":{"jsonrpc":"2.0","id":1,"result":{"capabilities":{"textDocumentSync":2,"hoverProvider":true,"completionProvider":{"resolveProvider":false,"triggerCharacters":["=",".",":","{",",","("," "]},"signatureHelpProvider":{"triggerCharacters":["("],"retriggerCharacters":[","," "]},"definitionProvider":true,"typeDefinitionProvider":false,"implementationProvider":true,"referencesProvider":false,"documentHightlightProvider":false,"documentSymbolProvider":true,"workspaceSymbolProvider":true,"codeActionProvider":false,"codeLensProvider":{"resolveProvider":false},"documentFormattingProvider":true,"documentOnTypeFormattingProvider":{"firstTriggerCharacter":"","moreTriggerCharacter":[]},"renameProvider":false,"documentLinkProvider":false,"colorProvider":false,"declarationProvider":false,"executeCommandProvider":"","foldingRangeProvider":true,"experimental":{}}}},"timestamp":1667388718}
{"kind":"send-response","message":{"jsonrpc":"2.0","method":"textDocument/publishDiagnostics","params":{"uri":"file:///Users/fleur/Documents/prod/projects/2022/golphook/main.v","diagnostics":[]}},"timestamp":1667388718}
{"kind":"send-response","message":{"jsonrpc":"2.0","method":"textDocument/publishDiagnostics","params":{"uri":"file:///Users/fleur/Documents/prod/projects/2022/golphook/main.v","diagnostics":[]}},"timestamp":1667388718}
{"kind":"send-response","message":{"jsonrpc":"2.0","method":"textDocument/publishDiagnostics","params":{"uri":"file:///Users/fleur/Documents/prod/projects/2022/golphook/golphook/app.v","diagnostics":[]}},"timestamp":1667388723}
{"kind":"send-response","message":{"jsonrpc":"2.0","method":"textDocument/publishDiagnostics","params":{"uri":"file:///Users/fleur/Documents/prod/projects/2022/golphook/golphook/app.v","diagnostics":[]}},"timestamp":1667388723}
{"kind":"send-response","message":{"jsonrpc":"2.0","method":"textDocument/publishDiagnostics","params":{"uri":"file:///Users/fleur/Documents/prod/projects/2022/golphook/golphook/app.v","diagnostics":[]}},"timestamp":1667388732}
{"kind":"send-response","message":{"jsonrpc":"2.0","method":"textDocument/publishDiagnostics","params":{"uri":"file:///Users/fleur/Documents/prod/projects/2022/golphook/golphook/app.v","diagnostics":[]}},"timestamp":1667388733}
{"kind":"send-response","message":{"jsonrpc":"2.0","method":"textDocument/publishDiagnostics","params":{"uri":"file:///Users/fleur/Documents/prod/projects/2022/golphook/golphook/entity_cacher.v","diagnostics":[]}},"timestamp":1667388749}
{"kind":"send-response","message":{"jsonrpc":"2.0","method":"textDocument/publishDiagnostics","params":{"uri":"file:///Users/fleur/Documents/prod/projects/2022/golphook/golphook/entity_fns.v","diagnostics":[]}},"timestamp":1667388749}
{"kind":"send-response","message":{"jsonrpc":"2.0","method":"textDocument/publishDiagnostics","params":{"uri":"file:///Users/fleur/Documents/prod/projects/2022/golphook/golphook/visuals.v","diagnostics":[]}},"timestamp":1667388749}
{"kind":"send-response","message":{"jsonrpc":"2.0","method":"textDocument/publishDiagnostics","params":{"uri":"file:///Users/fleur/Documents/prod/projects/2022/golphook/golphook/interfaces.v","diagnostics":[]}},"timestamp":1667388749}
{"kind":"send-response","message":{"jsonrpc":"2.0","method":"textDocument/publishDiagnostics","params":{"uri":"file:///Users/fleur/Documents/prod/projects/2022/golphook/golphook/config.v","diagnostics":[]}},"timestamp":1667388749}
{"kind":"send-response","message":{"jsonrpc":"2.0","method":"textDocument/publishDiagnostics","params":{"uri":"file:///Users/fleur/Documents/prod/projects/2022/golphook/golphook/others.v","diagnostics":[]}},"timestamp":1667388749}
{"kind":"send-response","message":{"jsonrpc":"2.0","method":"textDocument/publishDiagnostics","params":{"uri":"file:///Users/fleur/Documents/prod/projects/2022/golphook/golphook/drawable.v","diagnostics":[]}},"timestamp":1667388749}
{"kind":"send-response","message":{"jsonrpc":"2.0","method":"textDocument/publishDiagnostics","params":{"uri":"file:///Users/fleur/Documents/prod/projects/2022/golphook/golphook/hooks.v","diagnostics":[]}},"timestamp":1667388749}
{"kind":"send-response","message":{"jsonrpc":"2.0","method":"textDocument/publishDiagnostics","params":{"uri":"file:///Users/fleur/Documents/prod/projects/2022/golphook/golphook/render_queue.v","diagnostics":[]}},"timestamp":1667388749}
{"kind":"send-response","message":{"jsonrpc":"2.0","method":"textDocument/publishDiagnostics","params":{"uri":"file:///Users/fleur/Documents/prod/projects/2022/golphook/golphook/win_defs.v","diagnostics":[]}},"timestamp":1667388749}
{"kind":"send-response","message":{"jsonrpc":"2.0","method":"textDocument/publishDiagnostics","params":{"uri":"file:///Users/fleur/Documents/prod/projects/2022/golphook/golphook/app.v","diagnostics":[]}},"timestamp":1667388749}
{"kind":"send-response","message":{"jsonrpc":"2.0","method":"textDocument/publishDiagnostics","params":{"uri":"file:///Users/fleur/Documents/prod/projects/2022/golphook/golphook/app.v","diagnostics":[]}},"timestamp":1667388749}
{"kind":"send-response","message":{"jsonrpc":"2.0","method":"textDocument/publishDiagnostics","params":{"uri":"file:///Users/fleur/Documents/prod/projects/2022/golphook/golphook/config.v","diagnostics":[]}},"timestamp":1667388750}
{"kind":"send-response","message":{"jsonrpc":"2.0","method":"textDocument/publishDiagnostics","params":{"uri":"file:///Users/fleur/Documents/prod/projects/2022/golphook/golphook/config.v","diagnostics":[]}},"timestamp":1667388750}
{"kind":"send-response","message":{"jsonrpc":"2.0","method":"textDocument/publishDiagnostics","params":{"uri":"file:///Users/fleur/Documents/prod/projects/2022/golphook/golphook/config.v","diagnostics":[]}},"timestamp":1667388753}
{"kind":"send-response","message":{"jsonrpc":"2.0","method":"textDocument/publishDiagnostics","params":{"uri":"file:///Users/fleur/Documents/prod/projects/2022/golphook/golphook/config.v","diagnostics":[]}},"timestamp":1667388754}
{"kind":"send-response","message":{"jsonrpc":"2.0","method":"textDocument/publishDiagnostics","params":{"uri":"file:///Users/fleur/Documents/prod/projects/2022/golphook/golphook/config.v","diagnostics":[]}},"timestamp":1667388754}
{"kind":"send-response","message":{"jsonrpc":"2.0","method":"textDocument/publishDiagnostics","params":{"uri":"file:///Users/fleur/Documents/prod/projects/2022/golphook/golphook/config.v","diagnostics":[]}},"timestamp":1667388756}
{"kind":"send-response","message":{"jsonrpc":"2.0","method":"textDocument/publishDiagnostics","params":{"uri":"file:///Users/fleur/Documents/prod/projects/2022/golphook/golphook/entity_fns.v","diagnostics":[]}},"timestamp":1667388759}
{"kind":"send-response","message":{"jsonrpc":"2.0","method":"textDocument/publishDiagnostics","params":{"uri":"file:///Users/fleur/Documents/prod/projects/2022/golphook/golphook/entity_fns.v","diagnostics":[]}},"timestamp":1667388759}
{"kind":"send-response","message":{"jsonrpc":"2.0","method":"textDocument/publishDiagnostics","params":{"uri":"file:///Users/fleur/Documents/prod/projects/2022/golphook/golphook/entity_fns.v","diagnostics":[]}},"timestamp":1667388762}
{"kind":"send-response","message":{"jsonrpc":"2.0","method":"textDocument/publishDiagnostics","params":{"uri":"file:///Users/fleur/Documents/prod/projects/2022/golphook/golphook/entity_fns.v","diagnostics":[]}},"timestamp":1667388763}
{"kind":"send-response","message":{"jsonrpc":"2.0","method":"textDocument/publishDiagnostics","params":{"uri":"file:///Users/fleur/Documents/prod/projects/2022/golphook/golphook/entity_fns.v","diagnostics":[]}},"timestamp":1667388764}
{"kind":"send-response","message":{"jsonrpc":"2.0","method":"textDocument/publishDiagnostics","params":{"uri":"file:///Users/fleur/Documents/prod/projects/2022/golphook/golphook/hooks.v","diagnostics":[]}},"timestamp":1667388769}
{"kind":"send-response","message":{"jsonrpc":"2.0","method":"textDocument/publishDiagnostics","params":{"uri":"file:///Users/fleur/Documents/prod/projects/2022/golphook/golphook/hooks.v","diagnostics":[]}},"timestamp":1667388769}
{"kind":"send-response","message":{"jsonrpc":"2.0","method":"textDocument/publishDiagnostics","params":{"uri":"file:///Users/fleur/Documents/prod/projects/2022/golphook/golphook/hooks.v","diagnostics":[]}},"timestamp":1667388770}
{"kind":"send-response","message":{"jsonrpc":"2.0","method":"textDocument/publishDiagnostics","params":{"uri":"file:///Users/fleur/Documents/prod/projects/2022/golphook/golphook/hooks.v","diagnostics":[]}},"timestamp":1667388771}
{"kind":"send-response","message":{"jsonrpc":"2.0","method":"textDocument/publishDiagnostics","params":{"uri":"file:///Users/fleur/Documents/prod/projects/2022/golphook/golphook/interfaces.v","diagnostics":[]}},"timestamp":1667388776}
{"kind":"send-response","message":{"jsonrpc":"2.0","method":"textDocument/publishDiagnostics","params":{"uri":"file:///Users/fleur/Documents/prod/projects/2022/golphook/golphook/interfaces.v","diagnostics":[]}},"timestamp":1667388776}
{"kind":"send-response","message":{"jsonrpc":"2.0","method":"textDocument/publishDiagnostics","params":{"uri":"file:///Users/fleur/Documents/prod/projects/2022/golphook/golphook/interfaces.v","diagnostics":[]}},"timestamp":1667388777}
{"kind":"send-response","message":{"jsonrpc":"2.0","method":"textDocument/publishDiagnostics","params":{"uri":"file:///Users/fleur/Documents/prod/projects/2022/golphook/golphook/interfaces.v","diagnostics":[{"range":{"start":{"line":4,"character":7},"end":{"line":4,"character":17}},"severity":1,"code":"","source":"","message":"Module `offsettype` not found","relatedInformation":[]}]}},"timestamp":1667388777}
{"kind":"send-response","message":{"jsonrpc":"2.0","method":"textDocument/publishDiagnostics","params":{"uri":"file:///Users/fleur/Documents/prod/projects/2022/golphook/golphook/interfaces.v","diagnostics":[]}},"timestamp":1667388778}
{"kind":"send-response","message":{"jsonrpc":"2.0","method":"textDocument/publishDiagnostics","params":{"uri":"file:///Users/fleur/Documents/prod/projects/2022/golphook/golphook/interfaces.v","diagnostics":[]}},"timestamp":1667388778}
{"kind":"send-response","message":{"jsonrpc":"2.0","method":"textDocument/publishDiagnostics","params":{"uri":"file:///Users/fleur/Documents/prod/projects/2022/golphook/golphook/interfaces.v","diagnostics":[]}},"timestamp":1667388780}
{"kind":"send-response","message":{"jsonrpc":"2.0","method":"textDocument/publishDiagnostics","params":{"uri":"file:///Users/fleur/Documents/prod/projects/2022/golphook/golphook/interfaces.v","diagnostics":[]}},"timestamp":1667388780}
{"kind":"send-response","message":{"jsonrpc":"2.0","method":"textDocument/publishDiagnostics","params":{"uri":"file:///Users/fleur/Documents/prod/projects/2022/golphook/golphook/interfaces.v","diagnostics":[]}},"timestamp":1667388781}
{"kind":"send-response","message":{"jsonrpc":"2.0","method":"textDocument/publishDiagnostics","params":{"uri":"file:///Users/fleur/Documents/prod/projects/2022/golphook/golphook/interfaces.v","diagnostics":[]}},"timestamp":1667388781}
{"kind":"send-response","message":{"jsonrpc":"2.0","method":"textDocument/publishDiagnostics","params":{"uri":"file:///Users/fleur/Documents/prod/projects/2022/golphook/golphook/visuals.v","diagnostics":[]}},"timestamp":1667388784}
{"kind":"send-response","message":{"jsonrpc":"2.0","method":"textDocument/publishDiagnostics","params":{"uri":"file:///Users/fleur/Documents/prod/projects/2022/golphook/golphook/visuals.v","diagnostics":[]}},"timestamp":1667388784}
{"kind":"send-response","message":{"jsonrpc":"2.0","method":"textDocument/publishDiagnostics","params":{"uri":"file:///Users/fleur/Documents/prod/projects/2022/golphook/golphook/visuals.v","diagnostics":[]}},"timestamp":1667388788}
{"kind":"send-response","message":{"jsonrpc":"2.0","method":"textDocument/publishDiagnostics","params":{"uri":"file:///Users/fleur/Documents/prod/projects/2022/golphook/golphook/visuals.v","diagnostics":[]}},"timestamp":1667388789}
{"kind":"send-response","message":{"jsonrpc":"2.0","method":"textDocument/publishDiagnostics","params":{"uri":"file:///Users/fleur/Documents/prod/projects/2022/golphook/golphook/utils/mem.v","diagnostics":[]}},"timestamp":1667388791}
{"kind":"send-response","message":{"jsonrpc":"2.0","method":"textDocument/publishDiagnostics","params":{"uri":"file:///Users/fleur/Documents/prod/projects/2022/golphook/golphook/utils/mem.v","diagnostics":[]}},"timestamp":1667388791}
{"kind":"send-response","message":{"jsonrpc":"2.0","method":"textDocument/publishDiagnostics","params":{"uri":"file:///Users/fleur/Documents/prod/projects/2022/golphook/golphook/utils/mem.v","diagnostics":[{"range":{"start":{"line":71,"character":18},"end":{"line":71,"character":18}},"severity":1,"code":"","source":"","message":"unknown function: C.GetModuleHandleA","relatedInformation":[]},{"range":{"start":{"line":72,"character":28},"end":{"line":72,"character":28}},"severity":1,"code":"","source":"","message":"expression does not return a value so it cannot be cast","relatedInformation":[]},{"range":{"start":{"line":73,"character":49},"end":{"line":73,"character":49}},"severity":1,"code":"","source":"","message":"expression does not return a value so it cannot be cast","relatedInformation":[]},{"range":{"start":{"line":84,"character":18},"end":{"line":84,"character":18}},"severity":1,"code":"","source":"","message":"expression does not return a value so it cannot be cast","relatedInformation":[]},{"range":{"start":{"line":117,"character":12},"end":{"line":117,"character":12}},"severity":1,"code":"","source":"","message":"unknown function: C.GetModuleHandleA","relatedInformation":[]},{"range":{"start":{"line":2,"character":7},"end":{"line":2,"character":7}},"severity":2,"code":"","source":"","message":"module 'time' is imported but never used","relatedInformation":[]}]}},"timestamp":1667388791}
{"kind":"send-response","message":{"jsonrpc":"2.0","method":"textDocument/publishDiagnostics","params":{"uri":"file:///Users/fleur/Documents/prod/projects/2022/golphook/golphook/utils/mem.v","diagnostics":[]}},"timestamp":1667388793}
{"kind":"send-response","message":{"jsonrpc":"2.0","method":"textDocument/publishDiagnostics","params":{"uri":"file:///Users/fleur/Documents/prod/projects/2022/golphook/golphook/utils/mem.v","diagnostics":[]}},"timestamp":1667388793}
{"kind":"send-response","message":{"jsonrpc":"2.0","method":"textDocument/publishDiagnostics","params":{"uri":"file:///Users/fleur/Documents/prod/projects/2022/golphook/golphook/utils/mem.v","diagnostics":[]}},"timestamp":1667388793}
{"kind":"send-response","message":{"jsonrpc":"2.0","method":"textDocument/publishDiagnostics","params":{"uri":"file:///Users/fleur/Documents/prod/projects/2022/golphook/golphook/utils/mem.v","diagnostics":[]}},"timestamp":1667388793}
{"kind":"send-response","message":{"jsonrpc":"2.0","method":"textDocument/publishDiagnostics","params":{"uri":"file:///Users/fleur/Documents/prod/projects/2022/golphook/golphook/utils/mem.v","diagnostics":[]}},"timestamp":1667388794}
{"kind":"send-response","message":{"jsonrpc":"2.0","method":"textDocument/publishDiagnostics","params":{"uri":"file:///Users/fleur/Documents/prod/projects/2022/golphook/golphook/utils/mem.v","diagnostics":[{"range":{"start":{"line":69,"character":18},"end":{"line":69,"character":18}},"severity":1,"code":"","source":"","message":"unknown function: C.GetModuleHandleA","relatedInformation":[]},{"range":{"start":{"line":70,"character":28},"end":{"line":70,"character":28}},"severity":1,"code":"","source":"","message":"expression does not return a value so it cannot be cast","relatedInformation":[]},{"range":{"start":{"line":71,"character":49},"end":{"line":71,"character":49}},"severity":1,"code":"","source":"","message":"expression does not return a value so it cannot be cast","relatedInformation":[]},{"range":{"start":{"line":82,"character":18},"end":{"line":82,"character":18}},"severity":1,"code":"","source":"","message":"expression does not return a value so it cannot be cast","relatedInformation":[]},{"range":{"start":{"line":115,"character":12},"end":{"line":115,"character":12}},"severity":1,"code":"","source":"","message":"unknown function: C.GetModuleHandleA","relatedInformation":[]}]}},"timestamp":1667388794}
{"kind":"send-response","message":{"jsonrpc":"2.0","method":"textDocument/publishDiagnostics","params":{"uri":"file:///Users/fleur/Documents/prod/projects/2022/golphook/golphook/utils/math.v","diagnostics":[]}},"timestamp":1667388840}
{"kind":"send-response","message":{"jsonrpc":"2.0","method":"textDocument/publishDiagnostics","params":{"uri":"file:///Users/fleur/Documents/prod/projects/2022/golphook/golphook/utils/process.v","diagnostics":[]}},"timestamp":1667388840}
{"kind":"send-response","message":{"jsonrpc":"2.0","method":"textDocument/publishDiagnostics","params":{"uri":"file:///Users/fleur/Documents/prod/projects/2022/golphook/golphook/utils/mem.v","diagnostics":[]}},"timestamp":1667388840}
{"kind":"send-response","message":{"jsonrpc":"2.0","method":"textDocument/publishDiagnostics","params":{"uri":"file:///Users/fleur/Documents/prod/projects/2022/golphook/golphook/utils/mem.v","diagnostics":[]}},"timestamp":1667388840}
{"kind":"send-response","message":{"jsonrpc":"2.0","method":"textDocument/publishDiagnostics","params":{"uri":"file:///Users/fleur/Documents/prod/projects/2022/golphook/golphook/utils/vec.v","diagnostics":[]}},"timestamp":1667388840}
{"kind":"send-response","message":{"jsonrpc":"2.0","method":"textDocument/publishDiagnostics","params":{"uri":"file:///Users/fleur/Documents/prod/projects/2022/golphook/golphook/utils/misc.v","diagnostics":[]}},"timestamp":1667388840}
{"kind":"send-response","message":{"jsonrpc":"2.0","method":"textDocument/publishDiagnostics","params":{"uri":"file:///Users/fleur/Documents/prod/projects/2022/golphook/golphook/utils/misc.v","diagnostics":[]}},"timestamp":1667388840}
{"kind":"send-response","message":{"jsonrpc":"2.0","method":"textDocument/publishDiagnostics","params":{"uri":"file:///Users/fleur/Documents/prod/projects/2022/golphook/golphook/utils/logs.v","diagnostics":[]}},"timestamp":1667388840}
{"kind":"send-response","message":{"jsonrpc":"2.0","method":"textDocument/publishDiagnostics","params":{"uri":"file:///Users/fleur/Documents/prod/projects/2022/golphook/golphook/utils/logs.v","diagnostics":[]}},"timestamp":1667388840}
{"kind":"send-response","message":{"jsonrpc":"2.0","method":"textDocument/publishDiagnostics","params":{"uri":"file:///Users/fleur/Documents/prod/projects/2022/golphook/golphook/utils/color.v","diagnostics":[]}},"timestamp":1667388840}
{"kind":"send-response","message":{"jsonrpc":"2.0","method":"textDocument/publishDiagnostics","params":{"uri":"file:///Users/fleur/Documents/prod/projects/2022/golphook/golphook/utils/errors.v","diagnostics":[]}},"timestamp":1667388840}
{"kind":"send-response","message":{"jsonrpc":"2.0","method":"textDocument/publishDiagnostics","params":{"uri":"file:///Users/fleur/Documents/prod/projects/2022/golphook/golphook/utils/errors.v","diagnostics":[]}},"timestamp":1667388840}
{"kind":"send-response","message":{"jsonrpc":"2.0","method":"textDocument/publishDiagnostics","params":{"uri":"file:///Users/fleur/Documents/prod/projects/2022/golphook/golphook/utils/mem.v","diagnostics":[]}},"timestamp":1667388840}
{"kind":"send-response","message":{"jsonrpc":"2.0","method":"textDocument/publishDiagnostics","params":{"uri":"file:///Users/fleur/Documents/prod/projects/2022/golphook/golphook/utils/mem.v","diagnostics":[{"range":{"start":{"line":69,"character":18},"end":{"line":69,"character":18}},"severity":1,"code":"","source":"","message":"unknown function: C.GetModuleHandleA","relatedInformation":[]},{"range":{"start":{"line":70,"character":28},"end":{"line":70,"character":28}},"severity":1,"code":"","source":"","message":"expression does not return a value so it cannot be cast","relatedInformation":[]},{"range":{"start":{"line":71,"character":49},"end":{"line":71,"character":49}},"severity":1,"code":"","source":"","message":"expression does not return a value so it cannot be cast","relatedInformation":[]},{"range":{"start":{"line":82,"character":18},"end":{"line":82,"character":18}},"severity":1,"code":"","source":"","message":"expression does not return a value so it cannot be cast","relatedInformation":[]},{"range":{"start":{"line":115,"character":12},"end":{"line":115,"character":12}},"severity":1,"code":"","source":"","message":"unknown function: C.GetModuleHandleA","relatedInformation":[]}]}},"timestamp":1667388840}
{"kind":"send-response","message":{"jsonrpc":"2.0","method":"textDocument/publishDiagnostics","params":{"uri":"file:///Users/fleur/Documents/prod/projects/2022/golphook/golphook/hooks.v","diagnostics":[]}},"timestamp":1667388855}
{"kind":"recv-request","message":{"jsonrpc":"2.0","id":2,"method":"shutdown","params":},"timestamp":1667388855}
{"kind":"send-response","message":{"jsonrpc":"2.0","id":2,"result":null},"timestamp":1667388855}
